24-Mar-2020 15:40:09.803 INFO [main] org.apache.catalina.startup.VersionLoggerListener.log Server version name:   Apache Tomcat/8.5.53
24-Mar-2020 15:40:09.811 INFO [main] org.apache.catalina.startup.VersionLoggerListener.log Server built:          Mar 11 2020 10:01:39 UTC
24-Mar-2020 15:40:09.811 INFO [main] org.apache.catalina.startup.VersionLoggerListener.log Server version number: 8.5.53.0
24-Mar-2020 15:40:09.811 INFO [main] org.apache.catalina.startup.VersionLoggerListener.log OS Name:               Mac OS X
24-Mar-2020 15:40:09.812 INFO [main] org.apache.catalina.startup.VersionLoggerListener.log OS Version:            10.14.6
24-Mar-2020 15:40:09.812 INFO [main] org.apache.catalina.startup.VersionLoggerListener.log Architecture:          x86_64
24-Mar-2020 15:40:09.812 INFO [main] org.apache.catalina.startup.VersionLoggerListener.log Java Home:             /Library/Java/JavaVirtualMachines/jdk1.8.0_121.jdk/Contents/Home/jre
24-Mar-2020 15:40:09.812 INFO [main] org.apache.catalina.startup.VersionLoggerListener.log JVM Version:           1.8.0_121-b13
24-Mar-2020 15:40:09.812 INFO [main] org.apache.catalina.startup.VersionLoggerListener.log JVM Vendor:            Oracle Corporation
24-Mar-2020 15:40:09.812 INFO [main] org.apache.catalina.startup.VersionLoggerListener.log CATALINA_BASE:         /Users/apple/Downloads/uva databse project/apache-tomcat-8.5.53
24-Mar-2020 15:40:09.813 INFO [main] org.apache.catalina.startup.VersionLoggerListener.log CATALINA_HOME:         /Users/apple/Downloads/uva databse project/apache-tomcat-8.5.53
24-Mar-2020 15:40:09.815 INFO [main] org.apache.catalina.startup.VersionLoggerListener.log Command line argument: -Djava.util.logging.config.file=/Users/apple/Downloads/uva databse project/apache-tomcat-8.5.53/conf/logging.properties
24-Mar-2020 15:40:09.815 INFO [main] org.apache.catalina.startup.VersionLoggerListener.log Command line argument: -Djava.util.logging.manager=org.apache.juli.ClassLoaderLogManager
24-Mar-2020 15:40:09.815 INFO [main] org.apache.catalina.startup.VersionLoggerListener.log Command line argument: -Djdk.tls.ephemeralDHKeySize=2048
24-Mar-2020 15:40:09.815 INFO [main] org.apache.catalina.startup.VersionLoggerListener.log Command line argument: -Djava.protocol.handler.pkgs=org.apache.catalina.webresources
24-Mar-2020 15:40:09.815 INFO [main] org.apache.catalina.startup.VersionLoggerListener.log Command line argument: -Dorg.apache.catalina.security.SecurityListener.UMASK=0027
24-Mar-2020 15:40:09.816 INFO [main] org.apache.catalina.startup.VersionLoggerListener.log Command line argument: -Dignore.endorsed.dirs=
24-Mar-2020 15:40:09.816 INFO [main] org.apache.catalina.startup.VersionLoggerListener.log Command line argument: -Dcatalina.base=/Users/apple/Downloads/uva databse project/apache-tomcat-8.5.53
24-Mar-2020 15:40:09.816 INFO [main] org.apache.catalina.startup.VersionLoggerListener.log Command line argument: -Dcatalina.home=/Users/apple/Downloads/uva databse project/apache-tomcat-8.5.53
24-Mar-2020 15:40:09.816 INFO [main] org.apache.catalina.startup.VersionLoggerListener.log Command line argument: -Djava.io.tmpdir=/Users/apple/Downloads/uva databse project/apache-tomcat-8.5.53/temp
24-Mar-2020 15:40:09.816 INFO [main] org.apache.catalina.core.AprLifecycleListener.lifecycleEvent The APR based Apache Tomcat Native library which allows optimal performance in production environments was not found on the java.library.path: [/Users/apple/Library/Java/Extensions:/Library/Java/Extensions:/Network/Library/Java/Extensions:/System/Library/Java/Extensions:/usr/lib/java:.]
24-Mar-2020 15:40:10.107 INFO [main] org.apache.coyote.AbstractProtocol.init Initializing ProtocolHandler ["http-nio-8080"]
24-Mar-2020 15:40:10.146 INFO [main] org.apache.tomcat.util.net.NioSelectorPool.getSharedSelector Using a shared selector for servlet write/read
24-Mar-2020 15:40:10.173 INFO [main] org.apache.catalina.startup.Catalina.load Initialization processed in 1095 ms
24-Mar-2020 15:40:10.243 INFO [main] org.apache.catalina.core.StandardService.startInternal Starting service [Catalina]
24-Mar-2020 15:40:10.243 INFO [main] org.apache.catalina.core.StandardEngine.startInternal Starting Servlet Engine: Apache Tomcat/8.5.53
24-Mar-2020 15:40:10.255 INFO [localhost-startStop-1] org.apache.catalina.startup.HostConfig.deployDirectory Deploying web application directory [/Users/apple/Downloads/uva databse project/apache-tomcat-8.5.53/webapps/docs]
24-Mar-2020 15:40:10.663 INFO [localhost-startStop-1] org.apache.catalina.startup.HostConfig.deployDirectory Deployment of web application directory [/Users/apple/Downloads/uva databse project/apache-tomcat-8.5.53/webapps/docs] has finished in [407] ms
24-Mar-2020 15:40:10.666 INFO [localhost-startStop-1] org.apache.catalina.startup.HostConfig.deployDirectory Deploying web application directory [/Users/apple/Downloads/uva databse project/apache-tomcat-8.5.53/webapps/manager]
24-Mar-2020 15:40:10.711 INFO [localhost-startStop-1] org.apache.catalina.startup.HostConfig.deployDirectory Deployment of web application directory [/Users/apple/Downloads/uva databse project/apache-tomcat-8.5.53/webapps/manager] has finished in [45] ms
24-Mar-2020 15:40:10.711 INFO [localhost-startStop-1] org.apache.catalina.startup.HostConfig.deployDirectory Deploying web application directory [/Users/apple/Downloads/uva databse project/apache-tomcat-8.5.53/webapps/examples]
24-Mar-2020 15:40:11.114 INFO [localhost-startStop-1] org.apache.catalina.startup.HostConfig.deployDirectory Deployment of web application directory [/Users/apple/Downloads/uva databse project/apache-tomcat-8.5.53/webapps/examples] has finished in [403] ms
24-Mar-2020 15:40:11.114 INFO [localhost-startStop-1] org.apache.catalina.startup.HostConfig.deployDirectory Deploying web application directory [/Users/apple/Downloads/uva databse project/apache-tomcat-8.5.53/webapps/ROOT]
24-Mar-2020 15:40:11.147 INFO [localhost-startStop-1] org.apache.catalina.startup.HostConfig.deployDirectory Deployment of web application directory [/Users/apple/Downloads/uva databse project/apache-tomcat-8.5.53/webapps/ROOT] has finished in [33] ms
24-Mar-2020 15:40:11.147 INFO [localhost-startStop-1] org.apache.catalina.startup.HostConfig.deployDirectory Deploying web application directory [/Users/apple/Downloads/uva databse project/apache-tomcat-8.5.53/webapps/host-manager]
24-Mar-2020 15:40:11.189 INFO [localhost-startStop-1] org.apache.catalina.startup.HostConfig.deployDirectory Deployment of web application directory [/Users/apple/Downloads/uva databse project/apache-tomcat-8.5.53/webapps/host-manager] has finished in [41] ms
24-Mar-2020 15:40:11.193 INFO [main] org.apache.coyote.AbstractProtocol.start Starting ProtocolHandler ["http-nio-8080"]
24-Mar-2020 15:40:11.206 INFO [main] org.apache.catalina.startup.Catalina.start Server startup in 1032 ms
24-Mar-2020 15:42:30.581 INFO [main] org.apache.catalina.startup.VersionLoggerListener.log Server version name:   Apache Tomcat/8.5.53
24-Mar-2020 15:42:30.585 INFO [main] org.apache.catalina.startup.VersionLoggerListener.log Server built:          Mar 11 2020 10:01:39 UTC
24-Mar-2020 15:42:30.585 INFO [main] org.apache.catalina.startup.VersionLoggerListener.log Server version number: 8.5.53.0
24-Mar-2020 15:42:30.585 INFO [main] org.apache.catalina.startup.VersionLoggerListener.log OS Name:               Mac OS X
24-Mar-2020 15:42:30.585 INFO [main] org.apache.catalina.startup.VersionLoggerListener.log OS Version:            10.14.6
24-Mar-2020 15:42:30.585 INFO [main] org.apache.catalina.startup.VersionLoggerListener.log Architecture:          x86_64
24-Mar-2020 15:42:30.585 INFO [main] org.apache.catalina.startup.VersionLoggerListener.log Java Home:             /Library/Java/JavaVirtualMachines/jdk1.8.0_121.jdk/Contents/Home/jre
24-Mar-2020 15:42:30.585 INFO [main] org.apache.catalina.startup.VersionLoggerListener.log JVM Version:           1.8.0_121-b13
24-Mar-2020 15:42:30.585 INFO [main] org.apache.catalina.startup.VersionLoggerListener.log JVM Vendor:            Oracle Corporation
24-Mar-2020 15:42:30.586 INFO [main] org.apache.catalina.startup.VersionLoggerListener.log CATALINA_BASE:         /Users/apple/Downloads/uva databse project/apache-tomcat-8.5.53
24-Mar-2020 15:42:30.586 INFO [main] org.apache.catalina.startup.VersionLoggerListener.log CATALINA_HOME:         /Users/apple/Downloads/uva databse project/apache-tomcat-8.5.53
24-Mar-2020 15:42:30.587 INFO [main] org.apache.catalina.startup.VersionLoggerListener.log Command line argument: -Djava.util.logging.config.file=/Users/apple/Downloads/uva databse project/apache-tomcat-8.5.53/conf/logging.properties
24-Mar-2020 15:42:30.587 INFO [main] org.apache.catalina.startup.VersionLoggerListener.log Command line argument: -Djava.util.logging.manager=org.apache.juli.ClassLoaderLogManager
24-Mar-2020 15:42:30.587 INFO [main] org.apache.catalina.startup.VersionLoggerListener.log Command line argument: -Djdk.tls.ephemeralDHKeySize=2048
24-Mar-2020 15:42:30.587 INFO [main] org.apache.catalina.startup.VersionLoggerListener.log Command line argument: -Djava.protocol.handler.pkgs=org.apache.catalina.webresources
24-Mar-2020 15:42:30.588 INFO [main] org.apache.catalina.startup.VersionLoggerListener.log Command line argument: -Dorg.apache.catalina.security.SecurityListener.UMASK=0027
24-Mar-2020 15:42:30.588 INFO [main] org.apache.catalina.startup.VersionLoggerListener.log Command line argument: -Dignore.endorsed.dirs=
24-Mar-2020 15:42:30.588 INFO [main] org.apache.catalina.startup.VersionLoggerListener.log Command line argument: -Dcatalina.base=/Users/apple/Downloads/uva databse project/apache-tomcat-8.5.53
24-Mar-2020 15:42:30.588 INFO [main] org.apache.catalina.startup.VersionLoggerListener.log Command line argument: -Dcatalina.home=/Users/apple/Downloads/uva databse project/apache-tomcat-8.5.53
24-Mar-2020 15:42:30.588 INFO [main] org.apache.catalina.startup.VersionLoggerListener.log Command line argument: -Djava.io.tmpdir=/Users/apple/Downloads/uva databse project/apache-tomcat-8.5.53/temp
24-Mar-2020 15:42:30.588 INFO [main] org.apache.catalina.core.AprLifecycleListener.lifecycleEvent The APR based Apache Tomcat Native library which allows optimal performance in production environments was not found on the java.library.path: [/Users/apple/Library/Java/Extensions:/Library/Java/Extensions:/Network/Library/Java/Extensions:/System/Library/Java/Extensions:/usr/lib/java:.]
24-Mar-2020 15:42:30.739 INFO [main] org.apache.coyote.AbstractProtocol.init Initializing ProtocolHandler ["http-nio-8080"]
24-Mar-2020 15:42:30.757 SEVERE [main] org.apache.catalina.core.StandardService.initInternal Failed to initialize connector [Connector[HTTP/1.1-8080]]
	org.apache.catalina.LifecycleException: Protocol handler initialization failed
		at org.apache.catalina.connector.Connector.initInternal(Connector.java:1032)
		at org.apache.catalina.util.LifecycleBase.init(LifecycleBase.java:136)
		at org.apache.catalina.core.StandardService.initInternal(StandardService.java:552)
		at org.apache.catalina.util.LifecycleBase.init(LifecycleBase.java:136)
		at org.apache.catalina.core.StandardServer.initInternal(StandardServer.java:848)
		at org.apache.catalina.util.LifecycleBase.init(LifecycleBase.java:136)
		at org.apache.catalina.startup.Catalina.load(Catalina.java:639)
		at org.apache.catalina.startup.Catalina.load(Catalina.java:662)
		at sun.reflect.NativeMethodAccessorImpl.invoke0(Native Method)
		at sun.reflect.NativeMethodAccessorImpl.invoke(NativeMethodAccessorImpl.java:62)
		at sun.reflect.DelegatingMethodAccessorImpl.invoke(DelegatingMethodAccessorImpl.java:43)
		at java.lang.reflect.Method.invoke(Method.java:498)
		at org.apache.catalina.startup.Bootstrap.load(Bootstrap.java:303)
		at org.apache.catalina.startup.Bootstrap.main(Bootstrap.java:473)
	Caused by: java.net.BindException: Address already in use
		at sun.nio.ch.Net.bind0(Native Method)
		at sun.nio.ch.Net.bind(Net.java:433)
		at sun.nio.ch.Net.bind(Net.java:425)
		at sun.nio.ch.ServerSocketChannelImpl.bind(ServerSocketChannelImpl.java:223)
		at sun.nio.ch.ServerSocketAdaptor.bind(ServerSocketAdaptor.java:74)
		at org.apache.tomcat.util.net.NioEndpoint.bind(NioEndpoint.java:221)
		at org.apache.tomcat.util.net.AbstractEndpoint.init(AbstractEndpoint.java:1118)
		at org.apache.tomcat.util.net.AbstractJsseEndpoint.init(AbstractJsseEndpoint.java:223)
		at org.apache.coyote.AbstractProtocol.init(AbstractProtocol.java:587)
		at org.apache.coyote.http11.AbstractHttp11Protocol.init(AbstractHttp11Protocol.java:74)
		at org.apache.catalina.connector.Connector.initInternal(Connector.java:1030)
		... 13 more
24-Mar-2020 15:42:30.759 INFO [main] org.apache.catalina.startup.Catalina.load Initialization processed in 644 ms
24-Mar-2020 15:42:30.795 INFO [main] org.apache.catalina.core.StandardService.startInternal Starting service [Catalina]
24-Mar-2020 15:42:30.796 INFO [main] org.apache.catalina.core.StandardEngine.startInternal Starting Servlet Engine: Apache Tomcat/8.5.53
24-Mar-2020 15:42:30.803 INFO [localhost-startStop-1] org.apache.catalina.startup.HostConfig.deployDirectory Deploying web application directory [/Users/apple/Downloads/uva databse project/apache-tomcat-8.5.53/webapps/docs]
24-Mar-2020 15:42:31.112 INFO [localhost-startStop-1] org.apache.catalina.startup.HostConfig.deployDirectory Deployment of web application directory [/Users/apple/Downloads/uva databse project/apache-tomcat-8.5.53/webapps/docs] has finished in [308] ms
24-Mar-2020 15:42:31.113 INFO [localhost-startStop-1] org.apache.catalina.startup.HostConfig.deployDirectory Deploying web application directory [/Users/apple/Downloads/uva databse project/apache-tomcat-8.5.53/webapps/manager]
24-Mar-2020 15:42:31.156 INFO [localhost-startStop-1] org.apache.catalina.startup.HostConfig.deployDirectory Deployment of web application directory [/Users/apple/Downloads/uva databse project/apache-tomcat-8.5.53/webapps/manager] has finished in [43] ms
24-Mar-2020 15:42:31.157 INFO [localhost-startStop-1] org.apache.catalina.startup.HostConfig.deployDirectory Deploying web application directory [/Users/apple/Downloads/uva databse project/apache-tomcat-8.5.53/webapps/examples]
24-Mar-2020 15:42:31.500 INFO [localhost-startStop-1] org.apache.catalina.startup.HostConfig.deployDirectory Deployment of web application directory [/Users/apple/Downloads/uva databse project/apache-tomcat-8.5.53/webapps/examples] has finished in [343] ms
24-Mar-2020 15:42:31.501 INFO [localhost-startStop-1] org.apache.catalina.startup.HostConfig.deployDirectory Deploying web application directory [/Users/apple/Downloads/uva databse project/apache-tomcat-8.5.53/webapps/ROOT]
24-Mar-2020 15:42:31.537 INFO [localhost-startStop-1] org.apache.catalina.startup.HostConfig.deployDirectory Deployment of web application directory [/Users/apple/Downloads/uva databse project/apache-tomcat-8.5.53/webapps/ROOT] has finished in [36] ms
24-Mar-2020 15:42:31.537 INFO [localhost-startStop-1] org.apache.catalina.startup.HostConfig.deployDirectory Deploying web application directory [/Users/apple/Downloads/uva databse project/apache-tomcat-8.5.53/webapps/host-manager]
24-Mar-2020 15:42:31.561 INFO [localhost-startStop-1] org.apache.catalina.startup.HostConfig.deployDirectory Deployment of web application directory [/Users/apple/Downloads/uva databse project/apache-tomcat-8.5.53/webapps/host-manager] has finished in [24] ms
24-Mar-2020 15:42:31.565 INFO [main] org.apache.catalina.startup.Catalina.start Server startup in 805 ms
24-Mar-2020 15:42:31.570 SEVERE [main] org.apache.catalina.core.StandardServer.await StandardServer.await: create[localhost:8005]: 
	java.net.BindException: Address already in use (Bind failed)
		at java.net.PlainSocketImpl.socketBind(Native Method)
		at java.net.AbstractPlainSocketImpl.bind(AbstractPlainSocketImpl.java:387)
		at java.net.ServerSocket.bind(ServerSocket.java:375)
		at java.net.ServerSocket.<init>(ServerSocket.java:237)
		at org.apache.catalina.core.StandardServer.await(StandardServer.java:421)
		at org.apache.catalina.startup.Catalina.await(Catalina.java:776)
		at org.apache.catalina.startup.Catalina.start(Catalina.java:722)
		at sun.reflect.NativeMethodAccessorImpl.invoke0(Native Method)
		at sun.reflect.NativeMethodAccessorImpl.invoke(NativeMethodAccessorImpl.java:62)
		at sun.reflect.DelegatingMethodAccessorImpl.invoke(DelegatingMethodAccessorImpl.java:43)
		at java.lang.reflect.Method.invoke(Method.java:498)
		at org.apache.catalina.startup.Bootstrap.start(Bootstrap.java:343)
		at org.apache.catalina.startup.Bootstrap.main(Bootstrap.java:474)
24-Mar-2020 15:42:31.571 INFO [main] org.apache.coyote.AbstractProtocol.pause Pausing ProtocolHandler ["http-nio-8080"]
24-Mar-2020 15:42:31.571 INFO [main] org.apache.catalina.core.StandardService.stopInternal Stopping service [Catalina]
24-Mar-2020 15:42:31.602 INFO [main] org.apache.coyote.AbstractProtocol.stop Stopping ProtocolHandler ["http-nio-8080"]
24-Mar-2020 15:42:31.603 INFO [main] org.apache.coyote.AbstractProtocol.destroy Destroying ProtocolHandler ["http-nio-8080"]
24-Mar-2020 15:44:24.648 INFO [main] org.apache.catalina.core.StandardServer.await A valid shutdown command was received via the shutdown port. Stopping the Server instance.
24-Mar-2020 15:44:24.649 INFO [main] org.apache.coyote.AbstractProtocol.pause Pausing ProtocolHandler ["http-nio-8080"]
24-Mar-2020 15:44:24.659 INFO [main] org.apache.catalina.core.StandardService.stopInternal Stopping service [Catalina]
24-Mar-2020 15:44:24.684 INFO [main] org.apache.coyote.AbstractProtocol.stop Stopping ProtocolHandler ["http-nio-8080"]
24-Mar-2020 15:44:24.688 INFO [main] org.apache.coyote.AbstractProtocol.destroy Destroying ProtocolHandler ["http-nio-8080"]
24-Mar-2020 15:45:04.121 INFO [main] org.apache.catalina.startup.VersionLoggerListener.log Server version name:   Apache Tomcat/8.5.53
24-Mar-2020 15:45:04.125 INFO [main] org.apache.catalina.startup.VersionLoggerListener.log Server built:          Mar 11 2020 10:01:39 UTC
24-Mar-2020 15:45:04.125 INFO [main] org.apache.catalina.startup.VersionLoggerListener.log Server version number: 8.5.53.0
24-Mar-2020 15:45:04.125 INFO [main] org.apache.catalina.startup.VersionLoggerListener.log OS Name:               Mac OS X
24-Mar-2020 15:45:04.125 INFO [main] org.apache.catalina.startup.VersionLoggerListener.log OS Version:            10.14.6
24-Mar-2020 15:45:04.126 INFO [main] org.apache.catalina.startup.VersionLoggerListener.log Architecture:          x86_64
24-Mar-2020 15:45:04.126 INFO [main] org.apache.catalina.startup.VersionLoggerListener.log Java Home:             /Library/Java/JavaVirtualMachines/jdk1.8.0_121.jdk/Contents/Home/jre
24-Mar-2020 15:45:04.126 INFO [main] org.apache.catalina.startup.VersionLoggerListener.log JVM Version:           1.8.0_121-b13
24-Mar-2020 15:45:04.126 INFO [main] org.apache.catalina.startup.VersionLoggerListener.log JVM Vendor:            Oracle Corporation
24-Mar-2020 15:45:04.126 INFO [main] org.apache.catalina.startup.VersionLoggerListener.log CATALINA_BASE:         /Users/apple/Downloads/uva databse project/apache-tomcat-8.5.53
24-Mar-2020 15:45:04.126 INFO [main] org.apache.catalina.startup.VersionLoggerListener.log CATALINA_HOME:         /Users/apple/Downloads/uva databse project/apache-tomcat-8.5.53
24-Mar-2020 15:45:04.128 INFO [main] org.apache.catalina.startup.VersionLoggerListener.log Command line argument: -Djava.util.logging.config.file=/Users/apple/Downloads/uva databse project/apache-tomcat-8.5.53/conf/logging.properties
24-Mar-2020 15:45:04.128 INFO [main] org.apache.catalina.startup.VersionLoggerListener.log Command line argument: -Djava.util.logging.manager=org.apache.juli.ClassLoaderLogManager
24-Mar-2020 15:45:04.128 INFO [main] org.apache.catalina.startup.VersionLoggerListener.log Command line argument: -Djdk.tls.ephemeralDHKeySize=2048
24-Mar-2020 15:45:04.128 INFO [main] org.apache.catalina.startup.VersionLoggerListener.log Command line argument: -Djava.protocol.handler.pkgs=org.apache.catalina.webresources
24-Mar-2020 15:45:04.128 INFO [main] org.apache.catalina.startup.VersionLoggerListener.log Command line argument: -Dorg.apache.catalina.security.SecurityListener.UMASK=0027
24-Mar-2020 15:45:04.128 INFO [main] org.apache.catalina.startup.VersionLoggerListener.log Command line argument: -Dignore.endorsed.dirs=
24-Mar-2020 15:45:04.129 INFO [main] org.apache.catalina.startup.VersionLoggerListener.log Command line argument: -Dcatalina.base=/Users/apple/Downloads/uva databse project/apache-tomcat-8.5.53
24-Mar-2020 15:45:04.129 INFO [main] org.apache.catalina.startup.VersionLoggerListener.log Command line argument: -Dcatalina.home=/Users/apple/Downloads/uva databse project/apache-tomcat-8.5.53
24-Mar-2020 15:45:04.129 INFO [main] org.apache.catalina.startup.VersionLoggerListener.log Command line argument: -Djava.io.tmpdir=/Users/apple/Downloads/uva databse project/apache-tomcat-8.5.53/temp
24-Mar-2020 15:45:04.132 INFO [main] org.apache.catalina.core.AprLifecycleListener.lifecycleEvent The APR based Apache Tomcat Native library which allows optimal performance in production environments was not found on the java.library.path: [/Users/apple/Library/Java/Extensions:/Library/Java/Extensions:/Network/Library/Java/Extensions:/System/Library/Java/Extensions:/usr/lib/java:.]
24-Mar-2020 15:45:04.287 INFO [main] org.apache.coyote.AbstractProtocol.init Initializing ProtocolHandler ["http-nio-8080"]
24-Mar-2020 15:45:04.308 INFO [main] org.apache.tomcat.util.net.NioSelectorPool.getSharedSelector Using a shared selector for servlet write/read
24-Mar-2020 15:45:04.325 INFO [main] org.apache.catalina.startup.Catalina.load Initialization processed in 677 ms
24-Mar-2020 15:45:04.364 INFO [main] org.apache.catalina.core.StandardService.startInternal Starting service [Catalina]
24-Mar-2020 15:45:04.365 INFO [main] org.apache.catalina.core.StandardEngine.startInternal Starting Servlet Engine: Apache Tomcat/8.5.53
24-Mar-2020 15:45:04.374 INFO [localhost-startStop-1] org.apache.catalina.startup.HostConfig.deployDirectory Deploying web application directory [/Users/apple/Downloads/uva databse project/apache-tomcat-8.5.53/webapps/docs]
24-Mar-2020 15:45:04.671 INFO [localhost-startStop-1] org.apache.catalina.startup.HostConfig.deployDirectory Deployment of web application directory [/Users/apple/Downloads/uva databse project/apache-tomcat-8.5.53/webapps/docs] has finished in [296] ms
24-Mar-2020 15:45:04.671 INFO [localhost-startStop-1] org.apache.catalina.startup.HostConfig.deployDirectory Deploying web application directory [/Users/apple/Downloads/uva databse project/apache-tomcat-8.5.53/webapps/manager]
24-Mar-2020 15:45:04.713 INFO [localhost-startStop-1] org.apache.catalina.startup.HostConfig.deployDirectory Deployment of web application directory [/Users/apple/Downloads/uva databse project/apache-tomcat-8.5.53/webapps/manager] has finished in [42] ms
24-Mar-2020 15:45:04.713 INFO [localhost-startStop-1] org.apache.catalina.startup.HostConfig.deployDirectory Deploying web application directory [/Users/apple/Downloads/uva databse project/apache-tomcat-8.5.53/webapps/examples]
24-Mar-2020 15:45:05.044 INFO [localhost-startStop-1] org.apache.catalina.startup.HostConfig.deployDirectory Deployment of web application directory [/Users/apple/Downloads/uva databse project/apache-tomcat-8.5.53/webapps/examples] has finished in [331] ms
24-Mar-2020 15:45:05.044 INFO [localhost-startStop-1] org.apache.catalina.startup.HostConfig.deployDirectory Deploying web application directory [/Users/apple/Downloads/uva databse project/apache-tomcat-8.5.53/webapps/ROOT]
24-Mar-2020 15:45:05.063 INFO [localhost-startStop-1] org.apache.catalina.startup.HostConfig.deployDirectory Deployment of web application directory [/Users/apple/Downloads/uva databse project/apache-tomcat-8.5.53/webapps/ROOT] has finished in [18] ms
24-Mar-2020 15:45:05.063 INFO [localhost-startStop-1] org.apache.catalina.startup.HostConfig.deployDirectory Deploying web application directory [/Users/apple/Downloads/uva databse project/apache-tomcat-8.5.53/webapps/host-manager]
24-Mar-2020 15:45:05.086 INFO [localhost-startStop-1] org.apache.catalina.startup.HostConfig.deployDirectory Deployment of web application directory [/Users/apple/Downloads/uva databse project/apache-tomcat-8.5.53/webapps/host-manager] has finished in [23] ms
24-Mar-2020 15:45:05.090 INFO [main] org.apache.coyote.AbstractProtocol.start Starting ProtocolHandler ["http-nio-8080"]
24-Mar-2020 15:45:05.100 INFO [main] org.apache.catalina.startup.Catalina.start Server startup in 772 ms
